[debug] [2024-03-05T07:53:04.521Z] ----------------------------------------------------------------------
[debug] [2024-03-05T07:53:04.528Z] Command:       C:\Program Files\nodejs\node.exe C:\Users\Atupelemboya\AppData\Roaming\npm\node_modules\firebase-tools\lib\bin\firebase.js serve
[debug] [2024-03-05T07:53:04.529Z] CLI Version:   13.4.0
[debug] [2024-03-05T07:53:04.530Z] Platform:      win32
[debug] [2024-03-05T07:53:04.530Z] Node Version:  v20.8.1
[debug] [2024-03-05T07:53:04.530Z] Time:          Tue Mar 05 2024 09:53:04 GMT+0200 (South Africa Standard Time)
[debug] [2024-03-05T07:53:04.530Z] ----------------------------------------------------------------------
[debug] 
[debug] [2024-03-05T07:53:04.775Z] > command requires scopes: ["email","openid","https://www.googleapis.com/auth/cloudplatformprojects.readonly","https://www.googleapis.com/auth/firebase","https://www.googleapis.com/auth/cloud-platform"]
[debug] [2024-03-05T07:53:04.776Z] > authorizing via signed-in user (atupelemboya@gmail.com)
[debug] [2024-03-05T07:53:04.777Z] [iam] checking project myexpensetracker-6fed6 for permissions ["firebase.projects.get"]
[debug] [2024-03-05T07:53:04.780Z] > refreshing access token with scopes: []
[debug] [2024-03-05T07:53:04.784Z] >>> [apiv2][query] POST https://www.googleapis.com/oauth2/v3/token [none]
[debug] [2024-03-05T07:53:04.792Z] >>> [apiv2][body] POST https://www.googleapis.com/oauth2/v3/token [omitted]
[debug] [2024-03-05T07:53:05.575Z] <<< [apiv2][status] POST https://www.googleapis.com/oauth2/v3/token 200
[debug] [2024-03-05T07:53:05.576Z] <<< [apiv2][body] POST https://www.googleapis.com/oauth2/v3/token [omitted]
[debug] [2024-03-05T07:53:05.609Z] >>> [apiv2][query] POST https://cloudresourcemanager.googleapis.com/v1/projects/myexpensetracker-6fed6:testIamPermissions [none]
[debug] [2024-03-05T07:53:05.609Z] >>> [apiv2][(partial)header] POST https://cloudresourcemanager.googleapis.com/v1/projects/myexpensetracker-6fed6:testIamPermissions x-goog-quota-user=projects/myexpensetracker-6fed6
[debug] [2024-03-05T07:53:05.609Z] >>> [apiv2][body] POST https://cloudresourcemanager.googleapis.com/v1/projects/myexpensetracker-6fed6:testIamPermissions {"permissions":["firebase.projects.get"]}
[debug] [2024-03-05T07:53:07.856Z] <<< [apiv2][status] POST https://cloudresourcemanager.googleapis.com/v1/projects/myexpensetracker-6fed6:testIamPermissions 200
[debug] [2024-03-05T07:53:07.857Z] <<< [apiv2][body] POST https://cloudresourcemanager.googleapis.com/v1/projects/myexpensetracker-6fed6:testIamPermissions {"permissions":["firebase.projects.get"]}
[debug] [2024-03-05T07:53:07.859Z] >>> [apiv2][query] GET https://firebase.googleapis.com/v1beta1/projects/myexpensetracker-6fed6 [none]
[debug] [2024-03-05T07:53:08.652Z] <<< [apiv2][status] GET https://firebase.googleapis.com/v1beta1/projects/myexpensetracker-6fed6 200
[debug] [2024-03-05T07:53:08.652Z] <<< [apiv2][body] GET https://firebase.googleapis.com/v1beta1/projects/myexpensetracker-6fed6 {"projectId":"myexpensetracker-6fed6","projectNumber":"1046720930332","displayName":"myexpensetracker","name":"projects/myexpensetracker-6fed6","resources":{"hostingSite":"myexpensetracker-6fed6","storageBucket":"myexpensetracker-6fed6.appspot.com","locationId":"europe-west"},"state":"ACTIVE","etag":"1_47398b0b-4dff-4783-9f44-0495ea78461e"}
[info] 
[info] === Serving from 'D:\GIT\villagebanking'...
[info] 
[debug] [2024-03-05T07:53:08.672Z] defaultcredentials: writing to file C:\Users\Atupelemboya\AppData\Roaming\firebase\atupelemboya_gmail_com_application_default_credentials.json
[debug] [2024-03-05T07:53:08.675Z] >>> [apiv2][query] GET https://firebasehosting.googleapis.com/v1beta1/projects/myexpensetracker-6fed6/sites 
[debug] [2024-03-05T07:53:08.681Z] Setting GAC to C:\Users\Atupelemboya\AppData\Roaming\firebase\atupelemboya_gmail_com_application_default_credentials.json {"metadata":{"emulator":{"name":"functions"},"message":"Setting GAC to C:\\Users\\Atupelemboya\\AppData\\Roaming\\firebase\\atupelemboya_gmail_com_application_default_credentials.json"}}
[debug] [2024-03-05T07:53:08.682Z] >>> [apiv2][query] GET https://firebase.googleapis.com/v1beta1/projects/myexpensetracker-6fed6/adminSdkConfig [none]
[debug] [2024-03-05T07:53:09.413Z] <<< [apiv2][status] GET https://firebase.googleapis.com/v1beta1/projects/myexpensetracker-6fed6/adminSdkConfig 200
[debug] [2024-03-05T07:53:09.414Z] <<< [apiv2][body] GET https://firebase.googleapis.com/v1beta1/projects/myexpensetracker-6fed6/adminSdkConfig {"projectId":"myexpensetracker-6fed6","storageBucket":"myexpensetracker-6fed6.appspot.com","locationId":"europe-west"}
[debug] [2024-03-05T07:53:11.171Z] <<< [apiv2][status] GET https://firebasehosting.googleapis.com/v1beta1/projects/myexpensetracker-6fed6/sites 200
[debug] [2024-03-05T07:53:11.171Z] <<< [apiv2][body] GET https://firebasehosting.googleapis.com/v1beta1/projects/myexpensetracker-6fed6/sites {"sites":[{"name":"projects/myexpensetracker-6fed6/sites/myexpensetracker-6fed6","defaultUrl":"https://myexpensetracker-6fed6.web.app","type":"DEFAULT_SITE"},{"name":"projects/myexpensetracker-6fed6/sites/villagebanking","defaultUrl":"https://villagebanking.web.app","appId":"1:1046720930332:web:a4a1e950e0ab68bcca75d9","type":"USER_SITE"}]}
[debug] [2024-03-05T07:53:11.172Z] >>> [apiv2][query] GET https://firebase.googleapis.com/v1beta1/projects/myexpensetracker-6fed6/webApps/-/config [none]
[debug] [2024-03-05T07:53:12.021Z] <<< [apiv2][status] GET https://firebase.googleapis.com/v1beta1/projects/myexpensetracker-6fed6/webApps/-/config 200
[debug] [2024-03-05T07:53:12.021Z] <<< [apiv2][body] GET https://firebase.googleapis.com/v1beta1/projects/myexpensetracker-6fed6/webApps/-/config {"projectId":"myexpensetracker-6fed6","storageBucket":"myexpensetracker-6fed6.appspot.com","locationId":"europe-west","apiKey":"AIzaSyB4sqn-56L4qciQ6D6Z4LPn9F6Jo1SPe4c","authDomain":"myexpensetracker-6fed6.firebaseapp.com","messagingSenderId":"1046720930332"}
[debug] [2024-03-05T07:53:12.032Z] >>> [apiv2][query] GET https://firebase.googleapis.com/v1beta1/projects/myexpensetracker-6fed6 [none]
[debug] [2024-03-05T07:53:12.469Z] <<< [apiv2][status] GET https://firebase.googleapis.com/v1beta1/projects/myexpensetracker-6fed6 200
[debug] [2024-03-05T07:53:12.469Z] <<< [apiv2][body] GET https://firebase.googleapis.com/v1beta1/projects/myexpensetracker-6fed6 {"projectId":"myexpensetracker-6fed6","projectNumber":"1046720930332","displayName":"myexpensetracker","name":"projects/myexpensetracker-6fed6","resources":{"hostingSite":"myexpensetracker-6fed6","storageBucket":"myexpensetracker-6fed6.appspot.com","locationId":"europe-west"},"state":"ACTIVE","etag":"1_47398b0b-4dff-4783-9f44-0495ea78461e"}
[info] i  functions: Watching "D:\GIT\villagebanking\functions" for Cloud Functions... {"metadata":{"emulator":{"name":"functions"},"message":"Watching \"D:\\GIT\\villagebanking\\functions\" for Cloud Functions..."}}
[info] i  hosting[villagebanking]: Serving hosting files from: build {"metadata":{"emulator":{"name":"hosting"},"message":"Serving hosting files from: \u001b[1mbuild\u001b[22m"}}
[info] +  hosting[villagebanking]: Local server: http://localhost:5000 {"metadata":{"emulator":{"name":"hosting"},"message":"Local server: \u001b[4m\u001b[1mhttp://localhost:5000\u001b[22m\u001b[24m"}}
[debug] [2024-03-05T07:53:12.528Z] Validating nodejs source
[debug] [2024-03-05T07:53:18.024Z] > [functions] package.json contents: {
  "name": "functions",
  "scripts": {
    "lint": "eslint --ext .js,.ts .",
    "build": "tsc",
    "build:watch": "tsc --watch",
    "serve": "npm run build && firebase emulators:start --only functions",
    "shell": "npm run build && firebase functions:shell",
    "start": "npm run shell",
    "deploy": "firebase deploy --only functions",
    "logs": "firebase functions:log"
  },
  "engines": {
    "node": "18"
  },
  "main": "lib/index.js",
  "dependencies": {
    "firebase-admin": "^11.8.0",
    "firebase-functions": "^4.3.1"
  },
  "devDependencies": {
    "@typescript-eslint/eslint-plugin": "^5.12.0",
    "@typescript-eslint/parser": "^5.12.0",
    "eslint": "^8.9.0",
    "eslint-config-google": "^0.14.0",
    "eslint-plugin-import": "^2.25.4",
    "firebase-functions-test": "^3.1.0",
    "typescript": "^4.9.0"
  },
  "private": true
}
[error] !!  functions: Failed to load function definition from source: FirebaseError: There was an error reading functions\package.json:

 functions\lib\index.js does not exist, can't deploy Cloud Functions {"metadata":{"emulator":{"name":"functions"},"message":"Failed to load function definition from source: FirebaseError: There was an error reading functions\\package.json:\n\n functions\\lib\\index.js does not exist, can't deploy Cloud Functions"}}
[info] i  hosting: ::1 - - [05/Mar/2024:08:22:22 +0000] "GET / HTTP/1.1" 200 1000 "-" "Mozilla/5.0 (Windows NT 10.0; Win64; x64) AppleWebKit/537.36 (KHTML, like Gecko) Chrome/122.0.0.0 Safari/537.36" {"metadata":{"emulator":{"name":"hosting"},"message":"::1 - - [05/Mar/2024:08:22:22 +0000] \"GET / HTTP/1.1\" 200 1000 \"-\" \"Mozilla/5.0 (Windows NT 10.0; Win64; x64) AppleWebKit/537.36 (KHTML, like Gecko) Chrome/122.0.0.0 Safari/537.36\""}}
[info] i  hosting: ::1 - - [05/Mar/2024:08:22:22 +0000] "GET /static/css/main.f855e6bc.css HTTP/1.1" 200 779 "http://localhost:5000/" "Mozilla/5.0 (Windows NT 10.0; Win64; x64) AppleWebKit/537.36 (KHTML, like Gecko) Chrome/122.0.0.0 Safari/537.36" {"metadata":{"emulator":{"name":"hosting"},"message":"::1 - - [05/Mar/2024:08:22:22 +0000] \"GET /static/css/main.f855e6bc.css HTTP/1.1\" 200 779 \"http://localhost:5000/\" \"Mozilla/5.0 (Windows NT 10.0; Win64; x64) AppleWebKit/537.36 (KHTML, like Gecko) Chrome/122.0.0.0 Safari/537.36\""}}
[info] i  hosting: ::1 - - [05/Mar/2024:08:22:22 +0000] "GET /static/js/main.e18bae56.js HTTP/1.1" 200 - "http://localhost:5000/" "Mozilla/5.0 (Windows NT 10.0; Win64; x64) AppleWebKit/537.36 (KHTML, like Gecko) Chrome/122.0.0.0 Safari/537.36" {"metadata":{"emulator":{"name":"hosting"},"message":"::1 - - [05/Mar/2024:08:22:22 +0000] \"GET /static/js/main.e18bae56.js HTTP/1.1\" 200 - \"http://localhost:5000/\" \"Mozilla/5.0 (Windows NT 10.0; Win64; x64) AppleWebKit/537.36 (KHTML, like Gecko) Chrome/122.0.0.0 Safari/537.36\""}}
[info] i  hosting: ::1 - - [05/Mar/2024:08:22:22 +0000] "GET /static/media/logo.6ce24c58023cc2f8fd88fe9d219db6c6.svg HTTP/1.1" 200 - "http://localhost:5000/" "Mozilla/5.0 (Windows NT 10.0; Win64; x64) AppleWebKit/537.36 (KHTML, like Gecko) Chrome/122.0.0.0 Safari/537.36" {"metadata":{"emulator":{"name":"hosting"},"message":"::1 - - [05/Mar/2024:08:22:22 +0000] \"GET /static/media/logo.6ce24c58023cc2f8fd88fe9d219db6c6.svg HTTP/1.1\" 200 - \"http://localhost:5000/\" \"Mozilla/5.0 (Windows NT 10.0; Win64; x64) AppleWebKit/537.36 (KHTML, like Gecko) Chrome/122.0.0.0 Safari/537.36\""}}
[info] i  hosting: ::1 - - [05/Mar/2024:08:22:22 +0000] "GET /manifest.json HTTP/1.1" 200 492 "http://localhost:5000/" "Mozilla/5.0 (Windows NT 10.0; Win64; x64) AppleWebKit/537.36 (KHTML, like Gecko) Chrome/122.0.0.0 Safari/537.36" {"metadata":{"emulator":{"name":"hosting"},"message":"::1 - - [05/Mar/2024:08:22:22 +0000] \"GET /manifest.json HTTP/1.1\" 200 492 \"http://localhost:5000/\" \"Mozilla/5.0 (Windows NT 10.0; Win64; x64) AppleWebKit/537.36 (KHTML, like Gecko) Chrome/122.0.0.0 Safari/537.36\""}}
[info] i  hosting: ::1 - - [05/Mar/2024:08:22:22 +0000] "GET /logo192.png HTTP/1.1" 200 5347 "http://localhost:5000/" "Mozilla/5.0 (Windows NT 10.0; Win64; x64) AppleWebKit/537.36 (KHTML, like Gecko) Chrome/122.0.0.0 Safari/537.36" {"metadata":{"emulator":{"name":"hosting"},"message":"::1 - - [05/Mar/2024:08:22:22 +0000] \"GET /logo192.png HTTP/1.1\" 200 5347 \"http://localhost:5000/\" \"Mozilla/5.0 (Windows NT 10.0; Win64; x64) AppleWebKit/537.36 (KHTML, like Gecko) Chrome/122.0.0.0 Safari/537.36\""}}
